<?xml version='1.0'?>
<ns2:test-suite xmlns:ns2='urn:model.allure.qatools.yandex.ru' start='1520521726517' stop='1520521828891'>
    <name>From home page go to subpage and find non existing flight</name>
    <title>From home page go to subpage and find non existing flight</title>
    <test-cases>
        <test-case start='1520521726518' status='failed' stop='1520521813859'>
            <name>Should check filling all fields validation in Book a flight form</name>
            <title>Should check filling all fields validation in Book a flight form</title>
            <labels/>
            <parameters/>
            <steps/>
            <attachments>
                <attachment title='Screenshot' source='0fc6ec63-1653-4a48-8b8d-d31514bc9d64-attachment.png' type='image/png' size='183481'/>
            </attachments>
            <failure>
                <message>Error: Timeout - Async callback was not invoked within timeout specified by jasmine.DEFAULT_TIMEOUT_INTERVAL.</message>
                <stack-trace>Error: Timeout - Async callback was not invoked within timeout specified by jasmine.DEFAULT_TIMEOUT_INTERVAL.
                    at Timeout._onTimeout (C:\Users\ptarczon\Desktop\Sii Repository\tester03\Protractor_JetBlue\node_modules\jasmine-core\lib\jasmine-core\jasmine.js:4281:23)
                    at ontimeout (timers.js:475:11)
                    at tryOnTimeout (timers.js:310:5)
                    at Timer.listOnTimeout (timers.js:270:5)</stack-trace>
            </failure>
        </test-case>
        <test-case start='1520521813859' status='failed' stop='1520521828885'>
            <name>Should fill the Book a flight form and search</name>
            <title>Should fill the Book a flight form and search</title>
            <labels/>
            <parameters/>
            <steps/>
            <attachments/>
            <failure>
                <message>Failed: no such window: target window already closed
                from unknown error: web view not found
                  (Session info: chrome=64.0.3282.186)
                  (Driver info: chromedriver=2.36.540470 (e522d04694c7ebea4ba8821272dbef4f9b818c91),platform=Windows NT 10.0.16299 x86_64)</message>
                <stack-trace>NoSuchWindowError: no such window: target window already closed
                from unknown error: web view not found
                  (Session info: chrome=64.0.3282.186)
                  (Driver info: chromedriver=2.36.540470 (e522d04694c7ebea4ba8821272dbef4f9b818c91),platform=Windows NT 10.0.16299 x86_64)
                    at Object.checkLegacyResponse (C:\Users\ptarczon\Desktop\Sii Repository\tester03\Protractor_JetBlue\node_modules\selenium-webdriver\lib\error.js:546:15)
                    at parseHttpResponse (C:\Users\ptarczon\Desktop\Sii Repository\tester03\Protractor_JetBlue\node_modules\selenium-webdriver\lib\http.js:509:13)
                    at doSend.then.response (C:\Users\ptarczon\Desktop\Sii Repository\tester03\Protractor_JetBlue\node_modules\selenium-webdriver\lib\http.js:441:30)
                    at &lt;anonymous>
                    at process._tickCallback (internal/process/next_tick.js:188:7)
                From: Task: WebDriver.findElements(By(xpath, //*[@class='warning_message_container'][1]))
                    at thenableWebDriverProxy.schedule (C:\Users\ptarczon\Desktop\Sii Repository\tester03\Protractor_JetBlue\node_modules\selenium-webdriver\lib\webdriver.js:807:17)
                    at thenableWebDriverProxy.findElements (C:\Users\ptarczon\Desktop\Sii Repository\tester03\Protractor_JetBlue\node_modules\selenium-webdriver\lib\webdriver.js:1048:19)
                    at ptor.waitForAngular.then (C:\Users\ptarczon\Desktop\Sii Repository\tester03\Protractor_JetBlue\node_modules\protractor\built\element.js:159:44)
                    at ManagedPromise.invokeCallback_ (C:\Users\ptarczon\Desktop\Sii Repository\tester03\Protractor_JetBlue\node_modules\selenium-webdriver\lib\promise.js:1376:14)
                    at TaskQueue.execute_ (C:\Users\ptarczon\Desktop\Sii Repository\tester03\Protractor_JetBlue\node_modules\selenium-webdriver\lib\promise.js:3084:14)
                    at TaskQueue.executeNext_ (C:\Users\ptarczon\Desktop\Sii Repository\tester03\Protractor_JetBlue\node_modules\selenium-webdriver\lib\promise.js:3067:27)
                    at asyncRun (C:\Users\ptarczon\Desktop\Sii Repository\tester03\Protractor_JetBlue\node_modules\selenium-webdriver\lib\promise.js:2927:27)
                    at C:\Users\ptarczon\Desktop\Sii Repository\tester03\Protractor_JetBlue\node_modules\selenium-webdriver\lib\promise.js:668:7
                    at &lt;anonymous>
                    at process._tickCallback (internal/process/next_tick.js:188:7)Error
                    at ElementArrayFinder.applyAction_ (C:\Users\ptarczon\Desktop\Sii Repository\tester03\Protractor_JetBlue\node_modules\protractor\built\element.js:459:27)
                    at ElementArrayFinder.(anonymous function).args [as isDisplayed] (C:\Users\ptarczon\Desktop\Sii Repository\tester03\Protractor_JetBlue\node_modules\protractor\built\element.js:91:29)
                    at ElementFinder.(anonymous function).args [as isDisplayed] (C:\Users\ptarczon\Desktop\Sii Repository\tester03\Protractor_JetBlue\node_modules\protractor\built\element.js:831:22)
                    at and (C:\Users\ptarczon\Desktop\Sii Repository\tester03\Protractor_JetBlue\node_modules\protractor\built\expectedConditions.js:382:34)
                    at C:\Users\ptarczon\Desktop\Sii Repository\tester03\Protractor_JetBlue\node_modules\protractor\built\expectedConditions.js:90:20
                    at fn.then (C:\Users\ptarczon\Desktop\Sii Repository\tester03\Protractor_JetBlue\node_modules\protractor\built\expectedConditions.js:92:72)
                    at ManagedPromise.invokeCallback_ (C:\Users\ptarczon\Desktop\Sii Repository\tester03\Protractor_JetBlue\node_modules\selenium-webdriver\lib\promise.js:1376:14)
                    at TaskQueue.execute_ (C:\Users\ptarczon\Desktop\Sii Repository\tester03\Protractor_JetBlue\node_modules\selenium-webdriver\lib\promise.js:3084:14)
                    at TaskQueue.executeNext_ (C:\Users\ptarczon\Desktop\Sii Repository\tester03\Protractor_JetBlue\node_modules\selenium-webdriver\lib\promise.js:3067:27)
                    at asyncRun (C:\Users\ptarczon\Desktop\Sii Repository\tester03\Protractor_JetBlue\node_modules\selenium-webdriver\lib\promise.js:2927:27)
                From: Task: &lt;anonymous>
                    at Timeout.pollCondition [as _onTimeout] (C:\Users\ptarczon\Desktop\Sii Repository\tester03\Protractor_JetBlue\node_modules\selenium-webdriver\lib\promise.js:2195:19)
                    at ontimeout (timers.js:475:11)
                    at tryOnTimeout (timers.js:310:5)
                    at Timer.listOnTimeout (timers.js:270:5)
                From: Task: &lt;anonymous wait>
                    at scheduleWait (C:\Users\ptarczon\Desktop\Sii Repository\tester03\Protractor_JetBlue\node_modules\selenium-webdriver\lib\promise.js:2188:20)
                    at ControlFlow.wait (C:\Users\ptarczon\Desktop\Sii Repository\tester03\Protractor_JetBlue\node_modules\selenium-webdriver\lib\promise.js:2517:12)
                    at thenableWebDriverProxy.wait (C:\Users\ptarczon\Desktop\Sii Repository\tester03\Protractor_JetBlue\node_modules\selenium-webdriver\lib\webdriver.js:934:29)
                    at run (C:\Users\ptarczon\Desktop\Sii Repository\tester03\Protractor_JetBlue\node_modules\protractor\built\browser.js:59:33)
                    at ProtractorBrowser.to.(anonymous function) [as wait] (C:\Users\ptarczon\Desktop\Sii Repository\tester03\Protractor_JetBlue\node_modules\protractor\built\browser.js:67:16)
                    at Helper.waitForElementToBeVisible (C:\Users\ptarczon\Desktop\Sii Repository\tester03\Protractor_JetBlue\Helpers\Helper.js:12:24)
                    at FlightsPage.getSearchMessage (C:\Users\ptarczon\Desktop\Sii Repository\tester03\Protractor_JetBlue\Pages\FlightsPage.js:85:23)
                    at flightsPage.fillBookFlightForm.then.then.then (C:\Users\ptarczon\Desktop\Sii Repository\tester03\Protractor_JetBlue\Tests\NonExistTravelTest-spec.js:112:37)
                    at ManagedPromise.invokeCallback_ (C:\Users\ptarczon\Desktop\Sii Repository\tester03\Protractor_JetBlue\node_modules\selenium-webdriver\lib\promise.js:1376:14)
                    at TaskQueue.execute_ (C:\Users\ptarczon\Desktop\Sii Repository\tester03\Protractor_JetBlue\node_modules\selenium-webdriver\lib\promise.js:3084:14)
                From: Task: Run it("Should fill the Book a flight form and search") in control flow
                    at UserContext.&lt;anonymous> (C:\Users\ptarczon\Desktop\Sii Repository\tester03\Protractor_JetBlue\node_modules\jasminewd2\index.js:94:19)
                    at attempt (C:\Users\ptarczon\Desktop\Sii Repository\tester03\Protractor_JetBlue\node_modules\jasmine-core\lib\jasmine-core\jasmine.js:4297:26)
                    at QueueRunner.run (C:\Users\ptarczon\Desktop\Sii Repository\tester03\Protractor_JetBlue\node_modules\jasmine-core\lib\jasmine-core\jasmine.js:4217:20)
                    at runNext (C:\Users\ptarczon\Desktop\Sii Repository\tester03\Protractor_JetBlue\node_modules\jasmine-core\lib\jasmine-core\jasmine.js:4257:20)
                    at C:\Users\ptarczon\Desktop\Sii Repository\tester03\Protractor_JetBlue\node_modules\jasmine-core\lib\jasmine-core\jasmine.js:4264:13
                    at C:\Users\ptarczon\Desktop\Sii Repository\tester03\Protractor_JetBlue\node_modules\jasmine-core\lib\jasmine-core\jasmine.js:4172:9
                    at C:\Users\ptarczon\Desktop\Sii Repository\tester03\Protractor_JetBlue\node_modules\jasminewd2\index.js:64:48
                    at ControlFlow.emit (C:\Users\ptarczon\Desktop\Sii Repository\tester03\Protractor_JetBlue\node_modules\selenium-webdriver\lib\events.js:62:21)
                    at ControlFlow.shutdown_ (C:\Users\ptarczon\Desktop\Sii Repository\tester03\Protractor_JetBlue\node_modules\selenium-webdriver\lib\promise.js:2674:10)
                    at shutdownTask_.MicroTask (C:\Users\ptarczon\Desktop\Sii Repository\tester03\Protractor_JetBlue\node_modules\selenium-webdriver\lib\promise.js:2599:53)
                From asynchronous test: 
                Error
                    at Suite.&lt;anonymous> (C:\Users\ptarczon\Desktop\Sii Repository\tester03\Protractor_JetBlue\Tests\NonExistTravelTest-spec.js:108:5)
                    at addSpecsToSuite (C:\Users\ptarczon\Desktop\Sii Repository\tester03\Protractor_JetBlue\node_modules\jasmine-core\lib\jasmine-core\jasmine.js:1107:25)
                    at Env.describe (C:\Users\ptarczon\Desktop\Sii Repository\tester03\Protractor_JetBlue\node_modules\jasmine-core\lib\jasmine-core\jasmine.js:1074:7)
                    at describe (C:\Users\ptarczon\Desktop\Sii Repository\tester03\Protractor_JetBlue\node_modules\jasmine-core\lib\jasmine-core\jasmine.js:4399:18)
                    at Object.&lt;anonymous> (C:\Users\ptarczon\Desktop\Sii Repository\tester03\Protractor_JetBlue\Tests\NonExistTravelTest-spec.js:29:1)
                    at Module._compile (module.js:643:30)
                    at Object.Module._extensions..js (module.js:654:10)
                    at Module.load (module.js:556:32)
                    at tryModuleLoad (module.js:499:12)</stack-trace>
            </failure>
        </test-case>
    </test-cases>
</ns2:test-suite>