<?xml version='1.0'?>
<ns2:test-suite xmlns:ns2='urn:model.allure.qatools.yandex.ru' start='1520522157801' stop='1520522220763'>
    <name>From home page go to subpage and find non existing flight</name>
    <title>From home page go to subpage and find non existing flight</title>
    <test-cases>
        <test-case start='1520522157802' status='passed' stop='1520522171838'>
            <name>Should have correct title</name>
            <title>Should have correct title</title>
            <labels/>
            <parameters/>
            <steps/>
            <attachments>
                <attachment title='Screenshot' source='d82e4c58-7246-4ce8-b600-4d9613f8c908-attachment.png' type='image/png' size='175664'/>
            </attachments>
        </test-case>
        <test-case start='1520522171839' status='passed' stop='1520522179224'>
            <name>Should check all fields validation in Book a flight form</name>
            <title>Should check all fields validation in Book a flight form</title>
            <labels/>
            <parameters/>
            <steps/>
            <attachments>
                <attachment title='Screenshot' source='816018a9-3884-4a64-b207-8f08cfaf0eba-attachment.png' type='image/png' size='93061'/>
            </attachments>
        </test-case>
        <test-case start='1520522179224' status='passed' stop='1520522190346'>
            <name>Should check 3 fields validation in Book a flight form</name>
            <title>Should check 3 fields validation in Book a flight form</title>
            <labels/>
            <parameters/>
            <steps/>
            <attachments>
                <attachment title='Screenshot' source='f1a6a1ce-0e40-46e0-98b5-3963b8c9ac10-attachment.png' type='image/png' size='91368'/>
            </attachments>
        </test-case>
        <test-case start='1520522190346' status='passed' stop='1520522201333'>
            <name>Should check 2 fields validation in Book a flight form</name>
            <title>Should check 2 fields validation in Book a flight form</title>
            <labels/>
            <parameters/>
            <steps/>
            <attachments>
                <attachment title='Screenshot' source='638005e1-3fcb-4b78-b731-9245c94977b6-attachment.png' type='image/png' size='89779'/>
            </attachments>
        </test-case>
        <test-case start='1520522201333' status='failed' stop='1520522210202'>
            <name>Should check 1 fields validation in Book a flight form</name>
            <title>Should check 1 fields validation in Book a flight form</title>
            <labels/>
            <parameters/>
            <steps/>
            <attachments>
                <attachment title='Screenshot' source='db888cba-b314-4f3f-92e5-36d5ba22c35d-attachment.png' type='image/png' size='181030'/>
            </attachments>
            <failure>
                <message>Failed: invalid selector: Unable to locate an element with the xpath expression input/#jbBookerCalendarDepart because of the following error:
                SyntaxError: Failed to execute 'evaluate' on 'Document': The string 'input/#jbBookerCalendarDepart' is not a valid XPath expression.
                  (Session info: chrome=64.0.3282.186)
                  (Driver info: chromedriver=2.36.540470 (e522d04694c7ebea4ba8821272dbef4f9b818c91),platform=Windows NT 10.0.16299 x86_64)</message>
                <stack-trace>InvalidSelectorError: invalid selector: Unable to locate an element with the xpath expression input/#jbBookerCalendarDepart because of the following error:
                SyntaxError: Failed to execute 'evaluate' on 'Document': The string 'input/#jbBookerCalendarDepart' is not a valid XPath expression.
                  (Session info: chrome=64.0.3282.186)
                  (Driver info: chromedriver=2.36.540470 (e522d04694c7ebea4ba8821272dbef4f9b818c91),platform=Windows NT 10.0.16299 x86_64)
                    at Object.checkLegacyResponse (C:\Users\ptarczon\Desktop\Sii Repository\tester03\Protractor_JetBlue\node_modules\selenium-webdriver\lib\error.js:546:15)
                    at parseHttpResponse (C:\Users\ptarczon\Desktop\Sii Repository\tester03\Protractor_JetBlue\node_modules\selenium-webdriver\lib\http.js:509:13)
                    at doSend.then.response (C:\Users\ptarczon\Desktop\Sii Repository\tester03\Protractor_JetBlue\node_modules\selenium-webdriver\lib\http.js:441:30)
                    at &lt;anonymous>
                    at process._tickCallback (internal/process/next_tick.js:188:7)
                From: Task: WebDriver.findElements(By(xpath, input/#jbBookerCalendarDepart))
                    at thenableWebDriverProxy.schedule (C:\Users\ptarczon\Desktop\Sii Repository\tester03\Protractor_JetBlue\node_modules\selenium-webdriver\lib\webdriver.js:807:17)
                    at thenableWebDriverProxy.findElements (C:\Users\ptarczon\Desktop\Sii Repository\tester03\Protractor_JetBlue\node_modules\selenium-webdriver\lib\webdriver.js:1048:19)
                    at ptor.waitForAngular.then (C:\Users\ptarczon\Desktop\Sii Repository\tester03\Protractor_JetBlue\node_modules\protractor\built\element.js:159:44)
                    at ManagedPromise.invokeCallback_ (C:\Users\ptarczon\Desktop\Sii Repository\tester03\Protractor_JetBlue\node_modules\selenium-webdriver\lib\promise.js:1376:14)
                    at TaskQueue.execute_ (C:\Users\ptarczon\Desktop\Sii Repository\tester03\Protractor_JetBlue\node_modules\selenium-webdriver\lib\promise.js:3084:14)
                    at TaskQueue.executeNext_ (C:\Users\ptarczon\Desktop\Sii Repository\tester03\Protractor_JetBlue\node_modules\selenium-webdriver\lib\promise.js:3067:27)
                    at asyncRun (C:\Users\ptarczon\Desktop\Sii Repository\tester03\Protractor_JetBlue\node_modules\selenium-webdriver\lib\promise.js:2927:27)
                    at C:\Users\ptarczon\Desktop\Sii Repository\tester03\Protractor_JetBlue\node_modules\selenium-webdriver\lib\promise.js:668:7
                    at &lt;anonymous>
                    at process._tickCallback (internal/process/next_tick.js:188:7)
                From: Task: &lt;anonymous>
                    at pollCondition (C:\Users\ptarczon\Desktop\Sii Repository\tester03\Protractor_JetBlue\node_modules\selenium-webdriver\lib\promise.js:2195:19)
                    at C:\Users\ptarczon\Desktop\Sii Repository\tester03\Protractor_JetBlue\node_modules\selenium-webdriver\lib\promise.js:2191:7
                    at new ManagedPromise (C:\Users\ptarczon\Desktop\Sii Repository\tester03\Protractor_JetBlue\node_modules\selenium-webdriver\lib\promise.js:1077:7)
                    at ControlFlow.promise (C:\Users\ptarczon\Desktop\Sii Repository\tester03\Protractor_JetBlue\node_modules\selenium-webdriver\lib\promise.js:2505:12)
                    at C:\Users\ptarczon\Desktop\Sii Repository\tester03\Protractor_JetBlue\node_modules\selenium-webdriver\lib\promise.js:2190:22
                    at TaskQueue.execute_ (C:\Users\ptarczon\Desktop\Sii Repository\tester03\Protractor_JetBlue\node_modules\selenium-webdriver\lib\promise.js:3084:14)
                    at TaskQueue.executeNext_ (C:\Users\ptarczon\Desktop\Sii Repository\tester03\Protractor_JetBlue\node_modules\selenium-webdriver\lib\promise.js:3067:27)
                    at asyncRun (C:\Users\ptarczon\Desktop\Sii Repository\tester03\Protractor_JetBlue\node_modules\selenium-webdriver\lib\promise.js:2974:25)
                    at C:\Users\ptarczon\Desktop\Sii Repository\tester03\Protractor_JetBlue\node_modules\selenium-webdriver\lib\promise.js:668:7
                    at &lt;anonymous>
                From: Task: &lt;anonymous wait>
                    at scheduleWait (C:\Users\ptarczon\Desktop\Sii Repository\tester03\Protractor_JetBlue\node_modules\selenium-webdriver\lib\promise.js:2188:20)
                    at ControlFlow.wait (C:\Users\ptarczon\Desktop\Sii Repository\tester03\Protractor_JetBlue\node_modules\selenium-webdriver\lib\promise.js:2517:12)
                    at thenableWebDriverProxy.wait (C:\Users\ptarczon\Desktop\Sii Repository\tester03\Protractor_JetBlue\node_modules\selenium-webdriver\lib\webdriver.js:934:29)
                    at run (C:\Users\ptarczon\Desktop\Sii Repository\tester03\Protractor_JetBlue\node_modules\protractor\built\browser.js:59:33)
                    at ProtractorBrowser.to.(anonymous function) [as wait] (C:\Users\ptarczon\Desktop\Sii Repository\tester03\Protractor_JetBlue\node_modules\protractor\built\browser.js:67:16)
                    at Helper.waitForElementToBeClickable (C:\Users\ptarczon\Desktop\Sii Repository\tester03\Protractor_JetBlue\Helpers\Helper.js:8:24)
                    at FlightsPage.provideDepartDate (C:\Users\ptarczon\Desktop\Sii Repository\tester03\Protractor_JetBlue\Pages\FlightsPage.js:62:23)
                    at flightsPage.clearTextFromElem.then.then.then (C:\Users\ptarczon\Desktop\Sii Repository\tester03\Protractor_JetBlue\Tests\NonExistTravelTest-spec.js:89:37)
                    at ManagedPromise.invokeCallback_ (C:\Users\ptarczon\Desktop\Sii Repository\tester03\Protractor_JetBlue\node_modules\selenium-webdriver\lib\promise.js:1376:14)
                    at TaskQueue.execute_ (C:\Users\ptarczon\Desktop\Sii Repository\tester03\Protractor_JetBlue\node_modules\selenium-webdriver\lib\promise.js:3084:14)
                From: Task: Run it("Should check 1 fields validation in Book a flight form") in control flow
                    at UserContext.&lt;anonymous> (C:\Users\ptarczon\Desktop\Sii Repository\tester03\Protractor_JetBlue\node_modules\jasminewd2\index.js:94:19)
                    at attempt (C:\Users\ptarczon\Desktop\Sii Repository\tester03\Protractor_JetBlue\node_modules\jasmine-core\lib\jasmine-core\jasmine.js:4297:26)
                    at QueueRunner.run (C:\Users\ptarczon\Desktop\Sii Repository\tester03\Protractor_JetBlue\node_modules\jasmine-core\lib\jasmine-core\jasmine.js:4217:20)
                    at runNext (C:\Users\ptarczon\Desktop\Sii Repository\tester03\Protractor_JetBlue\node_modules\jasmine-core\lib\jasmine-core\jasmine.js:4257:20)
                    at C:\Users\ptarczon\Desktop\Sii Repository\tester03\Protractor_JetBlue\node_modules\jasmine-core\lib\jasmine-core\jasmine.js:4264:13
                    at C:\Users\ptarczon\Desktop\Sii Repository\tester03\Protractor_JetBlue\node_modules\jasmine-core\lib\jasmine-core\jasmine.js:4172:9
                    at C:\Users\ptarczon\Desktop\Sii Repository\tester03\Protractor_JetBlue\node_modules\jasminewd2\index.js:64:48
                    at ControlFlow.emit (C:\Users\ptarczon\Desktop\Sii Repository\tester03\Protractor_JetBlue\node_modules\selenium-webdriver\lib\events.js:62:21)
                    at ControlFlow.shutdown_ (C:\Users\ptarczon\Desktop\Sii Repository\tester03\Protractor_JetBlue\node_modules\selenium-webdriver\lib\promise.js:2674:10)
                    at shutdownTask_.MicroTask (C:\Users\ptarczon\Desktop\Sii Repository\tester03\Protractor_JetBlue\node_modules\selenium-webdriver\lib\promise.js:2599:53)
                From asynchronous test: 
                Error
                    at Suite.&lt;anonymous> (C:\Users\ptarczon\Desktop\Sii Repository\tester03\Protractor_JetBlue\Tests\NonExistTravelTest-spec.js:84:5)
                    at addSpecsToSuite (C:\Users\ptarczon\Desktop\Sii Repository\tester03\Protractor_JetBlue\node_modules\jasmine-core\lib\jasmine-core\jasmine.js:1107:25)
                    at Env.describe (C:\Users\ptarczon\Desktop\Sii Repository\tester03\Protractor_JetBlue\node_modules\jasmine-core\lib\jasmine-core\jasmine.js:1074:7)
                    at describe (C:\Users\ptarczon\Desktop\Sii Repository\tester03\Protractor_JetBlue\node_modules\jasmine-core\lib\jasmine-core\jasmine.js:4399:18)
                    at Object.&lt;anonymous> (C:\Users\ptarczon\Desktop\Sii Repository\tester03\Protractor_JetBlue\Tests\NonExistTravelTest-spec.js:29:1)
                    at Module._compile (module.js:643:30)
                    at Object.Module._extensions..js (module.js:654:10)
                    at Module.load (module.js:556:32)
                    at tryModuleLoad (module.js:499:12)</stack-trace>
            </failure>
        </test-case>
        <test-case start='1520522210202' status='failed' stop='1520522220760'>
            <name>Should fill the Book a flight form and search</name>
            <title>Should fill the Book a flight form and search</title>
            <labels/>
            <parameters/>
            <steps/>
            <attachments>
                <attachment title='Screenshot' source='fb126062-7b8f-4e42-8ff0-1a4674b5d5db-attachment.png' type='image/png' size='180356'/>
            </attachments>
            <failure>
                <message>Failed: invalid selector: Unable to locate an element with the xpath expression input/#jbBookerCalendarDepart because of the following error:
                SyntaxError: Failed to execute 'evaluate' on 'Document': The string 'input/#jbBookerCalendarDepart' is not a valid XPath expression.
                  (Session info: chrome=64.0.3282.186)
                  (Driver info: chromedriver=2.36.540470 (e522d04694c7ebea4ba8821272dbef4f9b818c91),platform=Windows NT 10.0.16299 x86_64)</message>
                <stack-trace>InvalidSelectorError: invalid selector: Unable to locate an element with the xpath expression input/#jbBookerCalendarDepart because of the following error:
                SyntaxError: Failed to execute 'evaluate' on 'Document': The string 'input/#jbBookerCalendarDepart' is not a valid XPath expression.
                  (Session info: chrome=64.0.3282.186)
                  (Driver info: chromedriver=2.36.540470 (e522d04694c7ebea4ba8821272dbef4f9b818c91),platform=Windows NT 10.0.16299 x86_64)
                    at Object.checkLegacyResponse (C:\Users\ptarczon\Desktop\Sii Repository\tester03\Protractor_JetBlue\node_modules\selenium-webdriver\lib\error.js:546:15)
                    at parseHttpResponse (C:\Users\ptarczon\Desktop\Sii Repository\tester03\Protractor_JetBlue\node_modules\selenium-webdriver\lib\http.js:509:13)
                    at doSend.then.response (C:\Users\ptarczon\Desktop\Sii Repository\tester03\Protractor_JetBlue\node_modules\selenium-webdriver\lib\http.js:441:30)
                    at &lt;anonymous>
                    at process._tickCallback (internal/process/next_tick.js:188:7)
                From: Task: WebDriver.findElements(By(xpath, input/#jbBookerCalendarDepart))
                    at thenableWebDriverProxy.schedule (C:\Users\ptarczon\Desktop\Sii Repository\tester03\Protractor_JetBlue\node_modules\selenium-webdriver\lib\webdriver.js:807:17)
                    at thenableWebDriverProxy.findElements (C:\Users\ptarczon\Desktop\Sii Repository\tester03\Protractor_JetBlue\node_modules\selenium-webdriver\lib\webdriver.js:1048:19)
                    at ptor.waitForAngular.then (C:\Users\ptarczon\Desktop\Sii Repository\tester03\Protractor_JetBlue\node_modules\protractor\built\element.js:159:44)
                    at ManagedPromise.invokeCallback_ (C:\Users\ptarczon\Desktop\Sii Repository\tester03\Protractor_JetBlue\node_modules\selenium-webdriver\lib\promise.js:1376:14)
                    at TaskQueue.execute_ (C:\Users\ptarczon\Desktop\Sii Repository\tester03\Protractor_JetBlue\node_modules\selenium-webdriver\lib\promise.js:3084:14)
                    at TaskQueue.executeNext_ (C:\Users\ptarczon\Desktop\Sii Repository\tester03\Protractor_JetBlue\node_modules\selenium-webdriver\lib\promise.js:3067:27)
                    at asyncRun (C:\Users\ptarczon\Desktop\Sii Repository\tester03\Protractor_JetBlue\node_modules\selenium-webdriver\lib\promise.js:2927:27)
                    at C:\Users\ptarczon\Desktop\Sii Repository\tester03\Protractor_JetBlue\node_modules\selenium-webdriver\lib\promise.js:668:7
                    at &lt;anonymous>
                    at process._tickCallback (internal/process/next_tick.js:188:7)
                From: Task: &lt;anonymous>
                    at pollCondition (C:\Users\ptarczon\Desktop\Sii Repository\tester03\Protractor_JetBlue\node_modules\selenium-webdriver\lib\promise.js:2195:19)
                    at C:\Users\ptarczon\Desktop\Sii Repository\tester03\Protractor_JetBlue\node_modules\selenium-webdriver\lib\promise.js:2191:7
                    at new ManagedPromise (C:\Users\ptarczon\Desktop\Sii Repository\tester03\Protractor_JetBlue\node_modules\selenium-webdriver\lib\promise.js:1077:7)
                    at ControlFlow.promise (C:\Users\ptarczon\Desktop\Sii Repository\tester03\Protractor_JetBlue\node_modules\selenium-webdriver\lib\promise.js:2505:12)
                    at C:\Users\ptarczon\Desktop\Sii Repository\tester03\Protractor_JetBlue\node_modules\selenium-webdriver\lib\promise.js:2190:22
                    at TaskQueue.execute_ (C:\Users\ptarczon\Desktop\Sii Repository\tester03\Protractor_JetBlue\node_modules\selenium-webdriver\lib\promise.js:3084:14)
                    at TaskQueue.executeNext_ (C:\Users\ptarczon\Desktop\Sii Repository\tester03\Protractor_JetBlue\node_modules\selenium-webdriver\lib\promise.js:3067:27)
                    at asyncRun (C:\Users\ptarczon\Desktop\Sii Repository\tester03\Protractor_JetBlue\node_modules\selenium-webdriver\lib\promise.js:2974:25)
                    at C:\Users\ptarczon\Desktop\Sii Repository\tester03\Protractor_JetBlue\node_modules\selenium-webdriver\lib\promise.js:668:7
                    at &lt;anonymous>
                From: Task: &lt;anonymous wait>
                    at scheduleWait (C:\Users\ptarczon\Desktop\Sii Repository\tester03\Protractor_JetBlue\node_modules\selenium-webdriver\lib\promise.js:2188:20)
                    at ControlFlow.wait (C:\Users\ptarczon\Desktop\Sii Repository\tester03\Protractor_JetBlue\node_modules\selenium-webdriver\lib\promise.js:2517:12)
                    at thenableWebDriverProxy.wait (C:\Users\ptarczon\Desktop\Sii Repository\tester03\Protractor_JetBlue\node_modules\selenium-webdriver\lib\webdriver.js:934:29)
                    at run (C:\Users\ptarczon\Desktop\Sii Repository\tester03\Protractor_JetBlue\node_modules\protractor\built\browser.js:59:33)
                    at ProtractorBrowser.to.(anonymous function) [as wait] (C:\Users\ptarczon\Desktop\Sii Repository\tester03\Protractor_JetBlue\node_modules\protractor\built\browser.js:67:16)
                    at Helper.waitForElementToBeClickable (C:\Users\ptarczon\Desktop\Sii Repository\tester03\Protractor_JetBlue\Helpers\Helper.js:8:24)
                    at FlightsPage.provideDepartDate (C:\Users\ptarczon\Desktop\Sii Repository\tester03\Protractor_JetBlue\Pages\FlightsPage.js:62:23)
                    at flightsPage.fillBookFlightForm.then (C:\Users\ptarczon\Desktop\Sii Repository\tester03\Protractor_JetBlue\Tests\NonExistTravelTest-spec.js:110:37)
                    at ManagedPromise.invokeCallback_ (C:\Users\ptarczon\Desktop\Sii Repository\tester03\Protractor_JetBlue\node_modules\selenium-webdriver\lib\promise.js:1376:14)
                    at TaskQueue.execute_ (C:\Users\ptarczon\Desktop\Sii Repository\tester03\Protractor_JetBlue\node_modules\selenium-webdriver\lib\promise.js:3084:14)
                From: Task: Run it("Should fill the Book a flight form and search") in control flow
                    at UserContext.&lt;anonymous> (C:\Users\ptarczon\Desktop\Sii Repository\tester03\Protractor_JetBlue\node_modules\jasminewd2\index.js:94:19)
                    at attempt (C:\Users\ptarczon\Desktop\Sii Repository\tester03\Protractor_JetBlue\node_modules\jasmine-core\lib\jasmine-core\jasmine.js:4297:26)
                    at QueueRunner.run (C:\Users\ptarczon\Desktop\Sii Repository\tester03\Protractor_JetBlue\node_modules\jasmine-core\lib\jasmine-core\jasmine.js:4217:20)
                    at runNext (C:\Users\ptarczon\Desktop\Sii Repository\tester03\Protractor_JetBlue\node_modules\jasmine-core\lib\jasmine-core\jasmine.js:4257:20)
                    at C:\Users\ptarczon\Desktop\Sii Repository\tester03\Protractor_JetBlue\node_modules\jasmine-core\lib\jasmine-core\jasmine.js:4264:13
                    at C:\Users\ptarczon\Desktop\Sii Repository\tester03\Protractor_JetBlue\node_modules\jasmine-core\lib\jasmine-core\jasmine.js:4172:9
                    at C:\Users\ptarczon\Desktop\Sii Repository\tester03\Protractor_JetBlue\node_modules\jasminewd2\index.js:64:48
                    at ControlFlow.emit (C:\Users\ptarczon\Desktop\Sii Repository\tester03\Protractor_JetBlue\node_modules\selenium-webdriver\lib\events.js:62:21)
                    at ControlFlow.shutdown_ (C:\Users\ptarczon\Desktop\Sii Repository\tester03\Protractor_JetBlue\node_modules\selenium-webdriver\lib\promise.js:2674:10)
                    at shutdownTask_.MicroTask (C:\Users\ptarczon\Desktop\Sii Repository\tester03\Protractor_JetBlue\node_modules\selenium-webdriver\lib\promise.js:2599:53)
                From asynchronous test: 
                Error
                    at Suite.&lt;anonymous> (C:\Users\ptarczon\Desktop\Sii Repository\tester03\Protractor_JetBlue\Tests\NonExistTravelTest-spec.js:108:5)
                    at addSpecsToSuite (C:\Users\ptarczon\Desktop\Sii Repository\tester03\Protractor_JetBlue\node_modules\jasmine-core\lib\jasmine-core\jasmine.js:1107:25)
                    at Env.describe (C:\Users\ptarczon\Desktop\Sii Repository\tester03\Protractor_JetBlue\node_modules\jasmine-core\lib\jasmine-core\jasmine.js:1074:7)
                    at describe (C:\Users\ptarczon\Desktop\Sii Repository\tester03\Protractor_JetBlue\node_modules\jasmine-core\lib\jasmine-core\jasmine.js:4399:18)
                    at Object.&lt;anonymous> (C:\Users\ptarczon\Desktop\Sii Repository\tester03\Protractor_JetBlue\Tests\NonExistTravelTest-spec.js:29:1)
                    at Module._compile (module.js:643:30)
                    at Object.Module._extensions..js (module.js:654:10)
                    at Module.load (module.js:556:32)
                    at tryModuleLoad (module.js:499:12)</stack-trace>
            </failure>
        </test-case>
    </test-cases>
</ns2:test-suite>