<?xml version='1.0'?>
<ns2:test-suite xmlns:ns2='urn:model.allure.qatools.yandex.ru' start='1520521888350' stop='1520521950962'>
    <name>From home page go to subpage and find non existing flight</name>
    <title>From home page go to subpage and find non existing flight</title>
    <test-cases>
        <test-case start='1520521888351' status='passed' stop='1520521900647'>
            <name>Should have correct title</name>
            <title>Should have correct title</title>
            <labels/>
            <parameters/>
            <steps/>
            <attachments>
                <attachment title='Screenshot' source='ae8a3e67-bd3a-41b6-b87c-4abff47ea94a-attachment.png' type='image/png' size='68885'/>
            </attachments>
        </test-case>
        <test-case start='1520521900647' status='passed' stop='1520521909385'>
            <name>Should check all fields validation in Book a flight form</name>
            <title>Should check all fields validation in Book a flight form</title>
            <labels/>
            <parameters/>
            <steps/>
            <attachments>
                <attachment title='Screenshot' source='8b515575-7e23-425a-a1c4-abfb7c91664e-attachment.png' type='image/png' size='93075'/>
            </attachments>
        </test-case>
        <test-case start='1520521909385' status='failed' stop='1520521943181'>
            <name>Should check 3 fields validation in Book a flight form</name>
            <title>Should check 3 fields validation in Book a flight form</title>
            <labels/>
            <parameters/>
            <steps/>
            <attachments/>
            <failure>
                <message>Failed: timeout
                  (Session info: chrome=64.0.3282.186)
                  (Driver info: chromedriver=2.36.540470 (e522d04694c7ebea4ba8821272dbef4f9b818c91),platform=Windows NT 10.0.16299 x86_64)</message>
                <stack-trace>TimeoutError: timeout
                  (Session info: chrome=64.0.3282.186)
                  (Driver info: chromedriver=2.36.540470 (e522d04694c7ebea4ba8821272dbef4f9b818c91),platform=Windows NT 10.0.16299 x86_64)
                    at Object.checkLegacyResponse (C:\Users\ptarczon\Desktop\Sii Repository\tester03\Protractor_JetBlue\node_modules\selenium-webdriver\lib\error.js:546:15)
                    at parseHttpResponse (C:\Users\ptarczon\Desktop\Sii Repository\tester03\Protractor_JetBlue\node_modules\selenium-webdriver\lib\http.js:509:13)
                    at doSend.then.response (C:\Users\ptarczon\Desktop\Sii Repository\tester03\Protractor_JetBlue\node_modules\selenium-webdriver\lib\http.js:441:30)
                    at &lt;anonymous>
                    at process._tickCallback (internal/process/next_tick.js:188:7)
                From: Task: WebElement.click()
                    at thenableWebDriverProxy.schedule (C:\Users\ptarczon\Desktop\Sii Repository\tester03\Protractor_JetBlue\node_modules\selenium-webdriver\lib\webdriver.js:807:17)
                    at WebElement.schedule_ (C:\Users\ptarczon\Desktop\Sii Repository\tester03\Protractor_JetBlue\node_modules\selenium-webdriver\lib\webdriver.js:2010:25)
                    at WebElement.click (C:\Users\ptarczon\Desktop\Sii Repository\tester03\Protractor_JetBlue\node_modules\selenium-webdriver\lib\webdriver.js:2092:17)
                    at actionFn (C:\Users\ptarczon\Desktop\Sii Repository\tester03\Protractor_JetBlue\node_modules\protractor\built\element.js:89:44)
                    at Array.map (&lt;anonymous>)
                    at actionResults.getWebElements.then (C:\Users\ptarczon\Desktop\Sii Repository\tester03\Protractor_JetBlue\node_modules\protractor\built\element.js:461:65)
                    at ManagedPromise.invokeCallback_ (C:\Users\ptarczon\Desktop\Sii Repository\tester03\Protractor_JetBlue\node_modules\selenium-webdriver\lib\promise.js:1376:14)
                    at TaskQueue.execute_ (C:\Users\ptarczon\Desktop\Sii Repository\tester03\Protractor_JetBlue\node_modules\selenium-webdriver\lib\promise.js:3084:14)
                    at TaskQueue.executeNext_ (C:\Users\ptarczon\Desktop\Sii Repository\tester03\Protractor_JetBlue\node_modules\selenium-webdriver\lib\promise.js:3067:27)
                    at asyncRun (C:\Users\ptarczon\Desktop\Sii Repository\tester03\Protractor_JetBlue\node_modules\selenium-webdriver\lib\promise.js:2927:27)Error
                    at ElementArrayFinder.applyAction_ (C:\Users\ptarczon\Desktop\Sii Repository\tester03\Protractor_JetBlue\node_modules\protractor\built\element.js:459:27)
                    at ElementArrayFinder.(anonymous function).args [as click] (C:\Users\ptarczon\Desktop\Sii Repository\tester03\Protractor_JetBlue\node_modules\protractor\built\element.js:91:29)
                    at ElementFinder.(anonymous function).args [as click] (C:\Users\ptarczon\Desktop\Sii Repository\tester03\Protractor_JetBlue\node_modules\protractor\built\element.js:831:22)
                    at Helper.waitForElementToBeClickable.then (C:\Users\ptarczon\Desktop\Sii Repository\tester03\Protractor_JetBlue\Pages\MenuHeaderPage.js:26:43)
                    at ManagedPromise.invokeCallback_ (C:\Users\ptarczon\Desktop\Sii Repository\tester03\Protractor_JetBlue\node_modules\selenium-webdriver\lib\promise.js:1376:14)
                    at TaskQueue.execute_ (C:\Users\ptarczon\Desktop\Sii Repository\tester03\Protractor_JetBlue\node_modules\selenium-webdriver\lib\promise.js:3084:14)
                    at TaskQueue.executeNext_ (C:\Users\ptarczon\Desktop\Sii Repository\tester03\Protractor_JetBlue\node_modules\selenium-webdriver\lib\promise.js:3067:27)
                    at asyncRun (C:\Users\ptarczon\Desktop\Sii Repository\tester03\Protractor_JetBlue\node_modules\selenium-webdriver\lib\promise.js:2927:27)
                    at C:\Users\ptarczon\Desktop\Sii Repository\tester03\Protractor_JetBlue\node_modules\selenium-webdriver\lib\promise.js:668:7
                    at &lt;anonymous>
                From: Task: Run beforeEach in control flow
                    at UserContext.&lt;anonymous> (C:\Users\ptarczon\Desktop\Sii Repository\tester03\Protractor_JetBlue\node_modules\jasminewd2\index.js:94:19)
                    at attempt (C:\Users\ptarczon\Desktop\Sii Repository\tester03\Protractor_JetBlue\node_modules\jasmine-core\lib\jasmine-core\jasmine.js:4297:26)
                    at QueueRunner.run (C:\Users\ptarczon\Desktop\Sii Repository\tester03\Protractor_JetBlue\node_modules\jasmine-core\lib\jasmine-core\jasmine.js:4217:20)
                    at QueueRunner.execute (C:\Users\ptarczon\Desktop\Sii Repository\tester03\Protractor_JetBlue\node_modules\jasmine-core\lib\jasmine-core\jasmine.js:4199:10)
                    at Spec.queueRunnerFactory (C:\Users\ptarczon\Desktop\Sii Repository\tester03\Protractor_JetBlue\node_modules\jasmine-core\lib\jasmine-core\jasmine.js:909:35)
                    at Spec.execute (C:\Users\ptarczon\Desktop\Sii Repository\tester03\Protractor_JetBlue\node_modules\jasmine-core\lib\jasmine-core\jasmine.js:526:10)
                    at UserContext.fn (C:\Users\ptarczon\Desktop\Sii Repository\tester03\Protractor_JetBlue\node_modules\jasmine-core\lib\jasmine-core\jasmine.js:5340:37)
                    at attempt (C:\Users\ptarczon\Desktop\Sii Repository\tester03\Protractor_JetBlue\node_modules\jasmine-core\lib\jasmine-core\jasmine.js:4297:26)
                    at QueueRunner.run (C:\Users\ptarczon\Desktop\Sii Repository\tester03\Protractor_JetBlue\node_modules\jasmine-core\lib\jasmine-core\jasmine.js:4217:20)
                    at runNext (C:\Users\ptarczon\Desktop\Sii Repository\tester03\Protractor_JetBlue\node_modules\jasmine-core\lib\jasmine-core\jasmine.js:4257:20)
                From asynchronous test: 
                Error
                    at Suite.&lt;anonymous> (C:\Users\ptarczon\Desktop\Sii Repository\tester03\Protractor_JetBlue\Tests\NonExistTravelTest-spec.js:31:5)
                    at addSpecsToSuite (C:\Users\ptarczon\Desktop\Sii Repository\tester03\Protractor_JetBlue\node_modules\jasmine-core\lib\jasmine-core\jasmine.js:1107:25)
                    at Env.describe (C:\Users\ptarczon\Desktop\Sii Repository\tester03\Protractor_JetBlue\node_modules\jasmine-core\lib\jasmine-core\jasmine.js:1074:7)
                    at describe (C:\Users\ptarczon\Desktop\Sii Repository\tester03\Protractor_JetBlue\node_modules\jasmine-core\lib\jasmine-core\jasmine.js:4399:18)
                    at Object.&lt;anonymous> (C:\Users\ptarczon\Desktop\Sii Repository\tester03\Protractor_JetBlue\Tests\NonExistTravelTest-spec.js:29:1)
                    at Module._compile (module.js:643:30)
                    at Object.Module._extensions..js (module.js:654:10)
                    at Module.load (module.js:556:32)
                    at tryModuleLoad (module.js:499:12)</stack-trace>
            </failure>
        </test-case>
        <test-case start='1520521943181' status='failed' stop='1520521950572'>
            <name>Should check 2 fields validation in Book a flight form</name>
            <title>Should check 2 fields validation in Book a flight form</title>
            <labels/>
            <parameters/>
            <steps/>
            <attachments/>
            <failure>
                <message>Failed: no such window: target window already closed
                from unknown error: web view not found
                  (Session info: chrome=64.0.3282.186)
                  (Driver info: chromedriver=2.36.540470 (e522d04694c7ebea4ba8821272dbef4f9b818c91),platform=Windows NT 10.0.16299 x86_64)</message>
                <stack-trace>NoSuchWindowError: no such window: target window already closed
                from unknown error: web view not found
                  (Session info: chrome=64.0.3282.186)
                  (Driver info: chromedriver=2.36.540470 (e522d04694c7ebea4ba8821272dbef4f9b818c91),platform=Windows NT 10.0.16299 x86_64)
                    at Object.checkLegacyResponse (C:\Users\ptarczon\Desktop\Sii Repository\tester03\Protractor_JetBlue\node_modules\selenium-webdriver\lib\error.js:546:15)
                    at parseHttpResponse (C:\Users\ptarczon\Desktop\Sii Repository\tester03\Protractor_JetBlue\node_modules\selenium-webdriver\lib\http.js:509:13)
                    at doSend.then.response (C:\Users\ptarczon\Desktop\Sii Repository\tester03\Protractor_JetBlue\node_modules\selenium-webdriver\lib\http.js:441:30)
                    at &lt;anonymous>
                    at process._tickCallback (internal/process/next_tick.js:188:7)
                From: Task: Protractor.get(https://www2.jetblue.com/) - reset url
                    at thenableWebDriverProxy.schedule (C:\Users\ptarczon\Desktop\Sii Repository\tester03\Protractor_JetBlue\node_modules\selenium-webdriver\lib\webdriver.js:807:17)
                    at ProtractorBrowser.executeScriptWithDescription (C:\Users\ptarczon\Desktop\Sii Repository\tester03\Protractor_JetBlue\node_modules\protractor\built\browser.js:404:28)
                    at driver.controlFlow.execute.then.then.then (C:\Users\ptarczon\Desktop\Sii Repository\tester03\Protractor_JetBlue\node_modules\protractor\built\browser.js:679:25)
                    at ManagedPromise.invokeCallback_ (C:\Users\ptarczon\Desktop\Sii Repository\tester03\Protractor_JetBlue\node_modules\selenium-webdriver\lib\promise.js:1376:14)
                    at TaskQueue.execute_ (C:\Users\ptarczon\Desktop\Sii Repository\tester03\Protractor_JetBlue\node_modules\selenium-webdriver\lib\promise.js:3084:14)
                    at TaskQueue.executeNext_ (C:\Users\ptarczon\Desktop\Sii Repository\tester03\Protractor_JetBlue\node_modules\selenium-webdriver\lib\promise.js:3067:27)
                    at asyncRun (C:\Users\ptarczon\Desktop\Sii Repository\tester03\Protractor_JetBlue\node_modules\selenium-webdriver\lib\promise.js:2927:27)
                    at C:\Users\ptarczon\Desktop\Sii Repository\tester03\Protractor_JetBlue\node_modules\selenium-webdriver\lib\promise.js:668:7
                    at &lt;anonymous>
                    at process._tickCallback (internal/process/next_tick.js:188:7)
                From: Task: Run beforeEach in control flow
                    at UserContext.&lt;anonymous> (C:\Users\ptarczon\Desktop\Sii Repository\tester03\Protractor_JetBlue\node_modules\jasminewd2\index.js:94:19)
                    at attempt (C:\Users\ptarczon\Desktop\Sii Repository\tester03\Protractor_JetBlue\node_modules\jasmine-core\lib\jasmine-core\jasmine.js:4297:26)
                    at QueueRunner.run (C:\Users\ptarczon\Desktop\Sii Repository\tester03\Protractor_JetBlue\node_modules\jasmine-core\lib\jasmine-core\jasmine.js:4217:20)
                    at QueueRunner.execute (C:\Users\ptarczon\Desktop\Sii Repository\tester03\Protractor_JetBlue\node_modules\jasmine-core\lib\jasmine-core\jasmine.js:4199:10)
                    at Spec.queueRunnerFactory (C:\Users\ptarczon\Desktop\Sii Repository\tester03\Protractor_JetBlue\node_modules\jasmine-core\lib\jasmine-core\jasmine.js:909:35)
                    at Spec.execute (C:\Users\ptarczon\Desktop\Sii Repository\tester03\Protractor_JetBlue\node_modules\jasmine-core\lib\jasmine-core\jasmine.js:526:10)
                    at UserContext.fn (C:\Users\ptarczon\Desktop\Sii Repository\tester03\Protractor_JetBlue\node_modules\jasmine-core\lib\jasmine-core\jasmine.js:5340:37)
                    at attempt (C:\Users\ptarczon\Desktop\Sii Repository\tester03\Protractor_JetBlue\node_modules\jasmine-core\lib\jasmine-core\jasmine.js:4297:26)
                    at QueueRunner.run (C:\Users\ptarczon\Desktop\Sii Repository\tester03\Protractor_JetBlue\node_modules\jasmine-core\lib\jasmine-core\jasmine.js:4217:20)
                    at runNext (C:\Users\ptarczon\Desktop\Sii Repository\tester03\Protractor_JetBlue\node_modules\jasmine-core\lib\jasmine-core\jasmine.js:4257:20)
                From asynchronous test: 
                Error
                    at Suite.&lt;anonymous> (C:\Users\ptarczon\Desktop\Sii Repository\tester03\Protractor_JetBlue\Tests\NonExistTravelTest-spec.js:31:5)
                    at addSpecsToSuite (C:\Users\ptarczon\Desktop\Sii Repository\tester03\Protractor_JetBlue\node_modules\jasmine-core\lib\jasmine-core\jasmine.js:1107:25)
                    at Env.describe (C:\Users\ptarczon\Desktop\Sii Repository\tester03\Protractor_JetBlue\node_modules\jasmine-core\lib\jasmine-core\jasmine.js:1074:7)
                    at describe (C:\Users\ptarczon\Desktop\Sii Repository\tester03\Protractor_JetBlue\node_modules\jasmine-core\lib\jasmine-core\jasmine.js:4399:18)
                    at Object.&lt;anonymous> (C:\Users\ptarczon\Desktop\Sii Repository\tester03\Protractor_JetBlue\Tests\NonExistTravelTest-spec.js:29:1)
                    at Module._compile (module.js:643:30)
                    at Object.Module._extensions..js (module.js:654:10)
                    at Module.load (module.js:556:32)
                    at tryModuleLoad (module.js:499:12)</stack-trace>
            </failure>
        </test-case>
        <test-case start='1520521950572' status='failed' stop='1520521950777'>
            <name>Should check 1 fields validation in Book a flight form</name>
            <title>Should check 1 fields validation in Book a flight form</title>
            <labels/>
            <parameters/>
            <steps/>
            <attachments/>
            <failure>
                <message>Failed: no such window: target window already closed
                from unknown error: web view not found
                  (Session info: chrome=64.0.3282.186)
                  (Driver info: chromedriver=2.36.540470 (e522d04694c7ebea4ba8821272dbef4f9b818c91),platform=Windows NT 10.0.16299 x86_64)</message>
                <stack-trace>NoSuchWindowError: no such window: target window already closed
                from unknown error: web view not found
                  (Session info: chrome=64.0.3282.186)
                  (Driver info: chromedriver=2.36.540470 (e522d04694c7ebea4ba8821272dbef4f9b818c91),platform=Windows NT 10.0.16299 x86_64)
                    at Object.checkLegacyResponse (C:\Users\ptarczon\Desktop\Sii Repository\tester03\Protractor_JetBlue\node_modules\selenium-webdriver\lib\error.js:546:15)
                    at parseHttpResponse (C:\Users\ptarczon\Desktop\Sii Repository\tester03\Protractor_JetBlue\node_modules\selenium-webdriver\lib\http.js:509:13)
                    at doSend.then.response (C:\Users\ptarczon\Desktop\Sii Repository\tester03\Protractor_JetBlue\node_modules\selenium-webdriver\lib\http.js:441:30)
                    at &lt;anonymous>
                    at process._tickCallback (internal/process/next_tick.js:188:7)
                From: Task: WebDriver.navigate().to(data:text/html,&lt;html>&lt;/html>)
                    at thenableWebDriverProxy.schedule (C:\Users\ptarczon\Desktop\Sii Repository\tester03\Protractor_JetBlue\node_modules\selenium-webdriver\lib\webdriver.js:807:17)
                    at Navigation.to (C:\Users\ptarczon\Desktop\Sii Repository\tester03\Protractor_JetBlue\node_modules\selenium-webdriver\lib\webdriver.js:1133:25)
                    at thenableWebDriverProxy.get (C:\Users\ptarczon\Desktop\Sii Repository\tester03\Protractor_JetBlue\node_modules\selenium-webdriver\lib\webdriver.js:988:28)
                    at driver.controlFlow.execute.then.then (C:\Users\ptarczon\Desktop\Sii Repository\tester03\Protractor_JetBlue\node_modules\protractor\built\browser.js:675:32)
                    at ManagedPromise.invokeCallback_ (C:\Users\ptarczon\Desktop\Sii Repository\tester03\Protractor_JetBlue\node_modules\selenium-webdriver\lib\promise.js:1376:14)
                    at TaskQueue.execute_ (C:\Users\ptarczon\Desktop\Sii Repository\tester03\Protractor_JetBlue\node_modules\selenium-webdriver\lib\promise.js:3084:14)
                    at TaskQueue.executeNext_ (C:\Users\ptarczon\Desktop\Sii Repository\tester03\Protractor_JetBlue\node_modules\selenium-webdriver\lib\promise.js:3067:27)
                    at asyncRun (C:\Users\ptarczon\Desktop\Sii Repository\tester03\Protractor_JetBlue\node_modules\selenium-webdriver\lib\promise.js:2927:27)
                    at C:\Users\ptarczon\Desktop\Sii Repository\tester03\Protractor_JetBlue\node_modules\selenium-webdriver\lib\promise.js:668:7
                    at &lt;anonymous>
                From: Task: Run beforeEach in control flow
                    at UserContext.&lt;anonymous> (C:\Users\ptarczon\Desktop\Sii Repository\tester03\Protractor_JetBlue\node_modules\jasminewd2\index.js:94:19)
                    at attempt (C:\Users\ptarczon\Desktop\Sii Repository\tester03\Protractor_JetBlue\node_modules\jasmine-core\lib\jasmine-core\jasmine.js:4297:26)
                    at QueueRunner.run (C:\Users\ptarczon\Desktop\Sii Repository\tester03\Protractor_JetBlue\node_modules\jasmine-core\lib\jasmine-core\jasmine.js:4217:20)
                    at QueueRunner.execute (C:\Users\ptarczon\Desktop\Sii Repository\tester03\Protractor_JetBlue\node_modules\jasmine-core\lib\jasmine-core\jasmine.js:4199:10)
                    at Spec.queueRunnerFactory (C:\Users\ptarczon\Desktop\Sii Repository\tester03\Protractor_JetBlue\node_modules\jasmine-core\lib\jasmine-core\jasmine.js:909:35)
                    at Spec.execute (C:\Users\ptarczon\Desktop\Sii Repository\tester03\Protractor_JetBlue\node_modules\jasmine-core\lib\jasmine-core\jasmine.js:526:10)
                    at UserContext.fn (C:\Users\ptarczon\Desktop\Sii Repository\tester03\Protractor_JetBlue\node_modules\jasmine-core\lib\jasmine-core\jasmine.js:5340:37)
                    at attempt (C:\Users\ptarczon\Desktop\Sii Repository\tester03\Protractor_JetBlue\node_modules\jasmine-core\lib\jasmine-core\jasmine.js:4297:26)
                    at QueueRunner.run (C:\Users\ptarczon\Desktop\Sii Repository\tester03\Protractor_JetBlue\node_modules\jasmine-core\lib\jasmine-core\jasmine.js:4217:20)
                    at runNext (C:\Users\ptarczon\Desktop\Sii Repository\tester03\Protractor_JetBlue\node_modules\jasmine-core\lib\jasmine-core\jasmine.js:4257:20)
                From asynchronous test: 
                Error
                    at Suite.&lt;anonymous> (C:\Users\ptarczon\Desktop\Sii Repository\tester03\Protractor_JetBlue\Tests\NonExistTravelTest-spec.js:31:5)
                    at addSpecsToSuite (C:\Users\ptarczon\Desktop\Sii Repository\tester03\Protractor_JetBlue\node_modules\jasmine-core\lib\jasmine-core\jasmine.js:1107:25)
                    at Env.describe (C:\Users\ptarczon\Desktop\Sii Repository\tester03\Protractor_JetBlue\node_modules\jasmine-core\lib\jasmine-core\jasmine.js:1074:7)
                    at describe (C:\Users\ptarczon\Desktop\Sii Repository\tester03\Protractor_JetBlue\node_modules\jasmine-core\lib\jasmine-core\jasmine.js:4399:18)
                    at Object.&lt;anonymous> (C:\Users\ptarczon\Desktop\Sii Repository\tester03\Protractor_JetBlue\Tests\NonExistTravelTest-spec.js:29:1)
                    at Module._compile (module.js:643:30)
                    at Object.Module._extensions..js (module.js:654:10)
                    at Module.load (module.js:556:32)
                    at tryModuleLoad (module.js:499:12)</stack-trace>
            </failure>
        </test-case>
        <test-case start='1520521950777' status='failed' stop='1520521950959'>
            <name>Should fill the Book a flight form and search</name>
            <title>Should fill the Book a flight form and search</title>
            <labels/>
            <parameters/>
            <steps/>
            <attachments/>
            <failure>
                <message>Failed: no such window: target window already closed
                from unknown error: web view not found
                  (Session info: chrome=64.0.3282.186)
                  (Driver info: chromedriver=2.36.540470 (e522d04694c7ebea4ba8821272dbef4f9b818c91),platform=Windows NT 10.0.16299 x86_64)</message>
                <stack-trace>NoSuchWindowError: no such window: target window already closed
                from unknown error: web view not found
                  (Session info: chrome=64.0.3282.186)
                  (Driver info: chromedriver=2.36.540470 (e522d04694c7ebea4ba8821272dbef4f9b818c91),platform=Windows NT 10.0.16299 x86_64)
                    at Object.checkLegacyResponse (C:\Users\ptarczon\Desktop\Sii Repository\tester03\Protractor_JetBlue\node_modules\selenium-webdriver\lib\error.js:546:15)
                    at parseHttpResponse (C:\Users\ptarczon\Desktop\Sii Repository\tester03\Protractor_JetBlue\node_modules\selenium-webdriver\lib\http.js:509:13)
                    at doSend.then.response (C:\Users\ptarczon\Desktop\Sii Repository\tester03\Protractor_JetBlue\node_modules\selenium-webdriver\lib\http.js:441:30)
                    at &lt;anonymous>
                    at process._tickCallback (internal/process/next_tick.js:188:7)
                From: Task: WebDriver.navigate().to(data:text/html,&lt;html>&lt;/html>)
                    at thenableWebDriverProxy.schedule (C:\Users\ptarczon\Desktop\Sii Repository\tester03\Protractor_JetBlue\node_modules\selenium-webdriver\lib\webdriver.js:807:17)
                    at Navigation.to (C:\Users\ptarczon\Desktop\Sii Repository\tester03\Protractor_JetBlue\node_modules\selenium-webdriver\lib\webdriver.js:1133:25)
                    at thenableWebDriverProxy.get (C:\Users\ptarczon\Desktop\Sii Repository\tester03\Protractor_JetBlue\node_modules\selenium-webdriver\lib\webdriver.js:988:28)
                    at driver.controlFlow.execute.then.then (C:\Users\ptarczon\Desktop\Sii Repository\tester03\Protractor_JetBlue\node_modules\protractor\built\browser.js:675:32)
                    at ManagedPromise.invokeCallback_ (C:\Users\ptarczon\Desktop\Sii Repository\tester03\Protractor_JetBlue\node_modules\selenium-webdriver\lib\promise.js:1376:14)
                    at TaskQueue.execute_ (C:\Users\ptarczon\Desktop\Sii Repository\tester03\Protractor_JetBlue\node_modules\selenium-webdriver\lib\promise.js:3084:14)
                    at TaskQueue.executeNext_ (C:\Users\ptarczon\Desktop\Sii Repository\tester03\Protractor_JetBlue\node_modules\selenium-webdriver\lib\promise.js:3067:27)
                    at asyncRun (C:\Users\ptarczon\Desktop\Sii Repository\tester03\Protractor_JetBlue\node_modules\selenium-webdriver\lib\promise.js:2927:27)
                    at C:\Users\ptarczon\Desktop\Sii Repository\tester03\Protractor_JetBlue\node_modules\selenium-webdriver\lib\promise.js:668:7
                    at &lt;anonymous>
                From: Task: Run beforeEach in control flow
                    at UserContext.&lt;anonymous> (C:\Users\ptarczon\Desktop\Sii Repository\tester03\Protractor_JetBlue\node_modules\jasminewd2\index.js:94:19)
                    at attempt (C:\Users\ptarczon\Desktop\Sii Repository\tester03\Protractor_JetBlue\node_modules\jasmine-core\lib\jasmine-core\jasmine.js:4297:26)
                    at QueueRunner.run (C:\Users\ptarczon\Desktop\Sii Repository\tester03\Protractor_JetBlue\node_modules\jasmine-core\lib\jasmine-core\jasmine.js:4217:20)
                    at QueueRunner.execute (C:\Users\ptarczon\Desktop\Sii Repository\tester03\Protractor_JetBlue\node_modules\jasmine-core\lib\jasmine-core\jasmine.js:4199:10)
                    at Spec.queueRunnerFactory (C:\Users\ptarczon\Desktop\Sii Repository\tester03\Protractor_JetBlue\node_modules\jasmine-core\lib\jasmine-core\jasmine.js:909:35)
                    at Spec.execute (C:\Users\ptarczon\Desktop\Sii Repository\tester03\Protractor_JetBlue\node_modules\jasmine-core\lib\jasmine-core\jasmine.js:526:10)
                    at UserContext.fn (C:\Users\ptarczon\Desktop\Sii Repository\tester03\Protractor_JetBlue\node_modules\jasmine-core\lib\jasmine-core\jasmine.js:5340:37)
                    at attempt (C:\Users\ptarczon\Desktop\Sii Repository\tester03\Protractor_JetBlue\node_modules\jasmine-core\lib\jasmine-core\jasmine.js:4297:26)
                    at QueueRunner.run (C:\Users\ptarczon\Desktop\Sii Repository\tester03\Protractor_JetBlue\node_modules\jasmine-core\lib\jasmine-core\jasmine.js:4217:20)
                    at runNext (C:\Users\ptarczon\Desktop\Sii Repository\tester03\Protractor_JetBlue\node_modules\jasmine-core\lib\jasmine-core\jasmine.js:4257:20)
                From asynchronous test: 
                Error
                    at Suite.&lt;anonymous> (C:\Users\ptarczon\Desktop\Sii Repository\tester03\Protractor_JetBlue\Tests\NonExistTravelTest-spec.js:31:5)
                    at addSpecsToSuite (C:\Users\ptarczon\Desktop\Sii Repository\tester03\Protractor_JetBlue\node_modules\jasmine-core\lib\jasmine-core\jasmine.js:1107:25)
                    at Env.describe (C:\Users\ptarczon\Desktop\Sii Repository\tester03\Protractor_JetBlue\node_modules\jasmine-core\lib\jasmine-core\jasmine.js:1074:7)
                    at describe (C:\Users\ptarczon\Desktop\Sii Repository\tester03\Protractor_JetBlue\node_modules\jasmine-core\lib\jasmine-core\jasmine.js:4399:18)
                    at Object.&lt;anonymous> (C:\Users\ptarczon\Desktop\Sii Repository\tester03\Protractor_JetBlue\Tests\NonExistTravelTest-spec.js:29:1)
                    at Module._compile (module.js:643:30)
                    at Object.Module._extensions..js (module.js:654:10)
                    at Module.load (module.js:556:32)
                    at tryModuleLoad (module.js:499:12)</stack-trace>
            </failure>
        </test-case>
    </test-cases>
</ns2:test-suite>